# JRE version: Java(TM) SE Runtime Environment (21.0.5+9) (build 21.0.5+9-LTS-239)
# Java VM: Java HotSpot(TM) 64-Bit Server VM (21.0.5+9-LTS-239, mixed mode, sharing, tiered, compressed oops, compressed class ptrs, g1 gc, windows-amd64)
GC Precious Log:
 CardTable entry size: 512
 Card Set container configuration: InlinePtr #cards 5 size 8 Array Of Cards #cards 12 size 40 Howl #buckets 4 coarsen threshold 1843 Howl Bitmap #cards 512 size 80 coarsen threshold 460 Card regions per heap region 1 cards per card region 2048
 CPUs: 12 total, 12 available
 Memory: 6005M
 Large Page Support: Disabled
 NUMA Support: Disabled
 Compressed Oops: Enabled (32-bit)
 Heap Region Size: 1M
 Heap Min Capacity: 8M
 Heap Initial Capacity: 94M
 Heap Max Capacity: 1502M
 Pre-touch: Disabled
 Parallel Workers: 10
 Concurrent Workers: 3
 Concurrent Refinement Workers: 10
 Periodic GC: Disabled
Heap:
 garbage-first heap   total 68608K, used 55291K [0x00000000a2200000, 0x0000000100000000)
  region size 1024K, 30 young (30720K), 4 survivors (4096K)
 Metaspace       used 68205K, committed 68928K, reserved 1114112K
  class space    used 9215K, committed 9536K, reserved 1048576K
GC Heap History (20 events):
Event: 1.119 GC heap before
{Heap before GC invocations=0 (full 0):
 garbage-first heap   total 96256K, used 24576K [0x00000000a2200000, 0x0000000100000000)
  region size 1024K, 23 young (23552K), 0 survivors (0K)
 Metaspace       used 5726K, committed 5952K, reserved 1114112K
  class space    used 634K, committed 768K, reserved 1048576K
}
Event: 1.125 GC heap after
{Heap after GC invocations=1 (full 0):
 garbage-first heap   total 96256K, used 8047K [0x00000000a2200000, 0x0000000100000000)
  region size 1024K, 3 young (3072K), 3 survivors (3072K)
 Metaspace       used 5726K, committed 5952K, reserved 1114112K
  class space    used 634K, committed 768K, reserved 1048576K
}
Event: 2.085 GC heap before
{Heap before GC invocations=1 (full 0):
 garbage-first heap   total 96256K, used 37743K [0x00000000a2200000, 0x0000000100000000)
  region size 1024K, 33 young (33792K), 3 survivors (3072K)
 Metaspace       used 13442K, committed 13824K, reserved 1114112K
  class space    used 1743K, committed 1920K, reserved 1048576K
}
Event: 2.090 GC heap after
{Heap after GC invocations=2 (full 0):
 garbage-first heap   total 96256K, used 10540K [0x00000000a2200000, 0x0000000100000000)
  region size 1024K, 3 young (3072K), 3 survivors (3072K)
 Metaspace       used 13442K, committed 13824K, reserved 1114112K
  class space    used 1743K, committed 1920K, reserved 1048576K
}
Event: 2.716 GC heap before
{Heap before GC invocations=2 (full 0):
 garbage-first heap   total 96256K, used 47404K [0x00000000a2200000, 0x0000000100000000)
  region size 1024K, 41 young (41984K), 3 survivors (3072K)
 Metaspace       used 21206K, committed 21504K, reserved 1114112K
  class space    used 2623K, committed 2752K, reserved 1048576K
}
Event: 2.722 GC heap after
{Heap after GC invocations=3 (full 0):
 garbage-first heap   total 96256K, used 14185K [0x00000000a2200000, 0x0000000100000000)
  region size 1024K, 7 young (7168K), 7 survivors (7168K)
 Metaspace       used 21206K, committed 21504K, reserved 1114112K
  class space    used 2623K, committed 2752K, reserved 1048576K
}
Event: 4.142 GC heap before
{Heap before GC invocations=4 (full 0):
 garbage-first heap   total 58368K, used 57193K [0x00000000a2200000, 0x0000000100000000)
  region size 1024K, 49 young (50176K), 7 survivors (7168K)
 Metaspace       used 26786K, committed 27072K, reserved 1114112K
  class space    used 3333K, committed 3456K, reserved 1048576K
}
Event: 4.149 GC heap after
{Heap after GC invocations=5 (full 0):
 garbage-first heap   total 68608K, used 17370K [0x00000000a2200000, 0x0000000100000000)
  region size 1024K, 7 young (7168K), 7 survivors (7168K)
 Metaspace       used 26786K, committed 27072K, reserved 1114112K
  class space    used 3333K, committed 3456K, reserved 1048576K
}
Event: 5.740 GC heap before
{Heap before GC invocations=5 (full 0):
 garbage-first heap   total 68608K, used 50138K [0x00000000a2200000, 0x0000000100000000)
  region size 1024K, 40 young (40960K), 7 survivors (7168K)
 Metaspace       used 32881K, committed 33344K, reserved 1114112K
  class space    used 4132K, committed 4352K, reserved 1048576K
}
Event: 5.747 GC heap after
{Heap after GC invocations=6 (full 0):
 garbage-first heap   total 68608K, used 20742K [0x00000000a2200000, 0x0000000100000000)
  region size 1024K, 4 young (4096K), 4 survivors (4096K)
 Metaspace       used 32881K, committed 33344K, reserved 1114112K
  class space    used 4132K, committed 4352K, reserved 1048576K
}
Event: 6.170 GC heap before
{Heap before GC invocations=6 (full 0):
 garbage-first heap   total 68608K, used 36102K [0x00000000a2200000, 0x0000000100000000)
  region size 1024K, 20 young (20480K), 4 survivors (4096K)
 Metaspace       used 35406K, committed 35968K, reserved 1114112K
  class space    used 4468K, committed 4672K, reserved 1048576K
}
Event: 6.175 GC heap after
{Heap after GC invocations=7 (full 0):
 garbage-first heap   total 68608K, used 21668K [0x00000000a2200000, 0x0000000100000000)
  region size 1024K, 2 young (2048K), 2 survivors (2048K)
 Metaspace       used 35406K, committed 35968K, reserved 1114112K
  class space    used 4468K, committed 4672K, reserved 1048576K
}
Event: 7.481 GC heap before
{Heap before GC invocations=8 (full 0):
 garbage-first heap   total 68608K, used 56484K [0x00000000a2200000, 0x0000000100000000)
  region size 1024K, 36 young (36864K), 2 survivors (2048K)
 Metaspace       used 45558K, committed 46080K, reserved 1114112K
  class space    used 5944K, committed 6208K, reserved 1048576K
}
Event: 7.484 GC heap after
{Heap after GC invocations=9 (full 0):
 garbage-first heap   total 68608K, used 23741K [0x00000000a2200000, 0x0000000100000000)
  region size 1024K, 4 young (4096K), 4 survivors (4096K)
 Metaspace       used 45558K, committed 46080K, reserved 1114112K
  class space    used 5944K, committed 6208K, reserved 1048576K
}
Event: 8.352 GC heap before
{Heap before GC invocations=9 (full 0):
 garbage-first heap   total 68608K, used 56509K [0x00000000a2200000, 0x0000000100000000)
  region size 1024K, 37 young (37888K), 4 survivors (4096K)
 Metaspace       used 54741K, committed 55360K, reserved 1114112K
  class space    used 7267K, committed 7552K, reserved 1048576K
}
Event: 8.357 GC heap after
{Heap after GC invocations=10 (full 0):
 garbage-first heap   total 68608K, used 25605K [0x00000000a2200000, 0x0000000100000000)
  region size 1024K, 5 young (5120K), 5 survivors (5120K)
 Metaspace       used 54741K, committed 55360K, reserved 1114112K
  class space    used 7267K, committed 7552K, reserved 1048576K
}
Event: 8.953 GC heap before
{Heap before GC invocations=10 (full 0):
 garbage-first heap   total 68608K, used 45061K [0x00000000a2200000, 0x0000000100000000)
  region size 1024K, 25 young (25600K), 5 survivors (5120K)
 Metaspace       used 59568K, committed 60160K, reserved 1114112K
  class space    used 7990K, committed 8256K, reserved 1048576K
}
Event: 8.958 GC heap after
{Heap after GC invocations=11 (full 0):
 garbage-first heap   total 68608K, used 26700K [0x00000000a2200000, 0x0000000100000000)
  region size 1024K, 3 young (3072K), 3 survivors (3072K)
 Metaspace       used 59568K, committed 60160K, reserved 1114112K
  class space    used 7990K, committed 8256K, reserved 1048576K
}
Event: 9.908 GC heap before
{Heap before GC invocations=12 (full 0):
 garbage-first heap   total 68608K, used 60492K [0x00000000a2200000, 0x0000000100000000)
  region size 1024K, 36 young (36864K), 3 survivors (3072K)
 Metaspace       used 64621K, committed 65344K, reserved 1114112K
  class space    used 8710K, committed 9024K, reserved 1048576K
}
Event: 9.913 GC heap after
{Heap after GC invocations=13 (full 0):
 garbage-first heap   total 68608K, used 29691K [0x00000000a2200000, 0x0000000100000000)
  region size 1024K, 4 young (4096K), 4 survivors (4096K)
 Metaspace       used 64621K, committed 65344K, reserved 1114112K
  class space    used 8710K, committed 9024K, reserved 1048576K
}

